2025-08-11T00:44:36.500Z  INFO 28552 --- [printer-manager-spring] [restartedMain] c.t.p.PrinterManagerSpringApplication    : Starting PrinterManagerSpringApplication using Java 24.0.2 with PID 28552 (/home/tvconss/Workspace/printer-manager-spring/springboot/build/classes/java/main started by tvconss in /home/tvconss/Workspace/printer-manager-spring/springboot)
2025-08-11T00:44:36.508Z  INFO 28552 --- [printer-manager-spring] [restartedMain] c.t.p.PrinterManagerSpringApplication    : The following 1 profile is active: "dev"
2025-08-11T00:44:36.594Z  INFO 28552 --- [printer-manager-spring] [restartedMain] .e.DevToolsPropertyDefaultsPostProcessor : Devtools property defaults active! Set 'spring.devtools.add-properties' to 'false' to disable
2025-08-11T00:44:36.594Z  INFO 28552 --- [printer-manager-spring] [restartedMain] .e.DevToolsPropertyDefaultsPostProcessor : For additional web related logging consider setting the 'logging.level.web' property to 'DEBUG'
2025-08-11T00:44:37.676Z  INFO 28552 --- [printer-manager-spring] [restartedMain] .s.d.r.c.RepositoryConfigurationDelegate : Multiple Spring Data modules found, entering strict repository configuration mode
2025-08-11T00:44:37.678Z  INFO 28552 --- [printer-manager-spring] [restartedMain] .s.d.r.c.RepositoryConfigurationDelegate : Bootstrapping Spring Data Redis repositories in DEFAULT mode.
2025-08-11T00:44:37.718Z  INFO 28552 --- [printer-manager-spring] [restartedMain] .s.d.r.c.RepositoryConfigurationDelegate : Finished Spring Data repository scanning in 7 ms. Found 0 Redis repository interfaces.
2025-08-11T00:44:38.060Z  INFO 28552 --- [printer-manager-spring] [restartedMain] .s.d.r.c.RepositoryConfigurationDelegate : Multiple Spring Data modules found, entering strict repository configuration mode
2025-08-11T00:44:38.061Z  INFO 28552 --- [printer-manager-spring] [restartedMain] .s.d.r.c.RepositoryConfigurationDelegate : Bootstrapping Spring Data JPA repositories in DEFAULT mode.
2025-08-11T00:44:38.104Z  INFO 28552 --- [printer-manager-spring] [restartedMain] .RepositoryConfigurationExtensionSupport : Spring Data JPA - Could not safely identify store assignment for repository candidate interface com.tvconss.printermanagerspring.repository.KeyTokenRedisRepository; If you want this repository to be a JPA repository, consider annotating your entities with one of these annotations: jakarta.persistence.Entity, jakarta.persistence.MappedSuperclass (preferred), or consider extending one of the following types with your repository: org.springframework.data.jpa.repository.JpaRepository
2025-08-11T00:44:38.357Z  INFO 28552 --- [printer-manager-spring] [restartedMain] .s.d.r.c.RepositoryConfigurationDelegate : Finished Spring Data repository scanning in 288 ms. Found 1 JPA repository interface.
2025-08-11T00:44:38.379Z  INFO 28552 --- [printer-manager-spring] [restartedMain] .s.d.r.c.RepositoryConfigurationDelegate : Multiple Spring Data modules found, entering strict repository configuration mode
2025-08-11T00:44:38.380Z  INFO 28552 --- [printer-manager-spring] [restartedMain] .s.d.r.c.RepositoryConfigurationDelegate : Bootstrapping Spring Data Redis repositories in DEFAULT mode.
2025-08-11T00:44:38.394Z  INFO 28552 --- [printer-manager-spring] [restartedMain] .RepositoryConfigurationExtensionSupport : Spring Data Redis - Could not safely identify store assignment for repository candidate interface com.tvconss.printermanagerspring.repository.UserRepository; If you want this repository to be a Redis repository, consider annotating your entities with one of these annotations: org.springframework.data.redis.core.RedisHash (preferred), or consider extending one of the following types with your repository: org.springframework.data.keyvalue.repository.KeyValueRepository
2025-08-11T00:44:38.403Z  INFO 28552 --- [printer-manager-spring] [restartedMain] .s.d.r.c.RepositoryConfigurationDelegate : Finished Spring Data repository scanning in 19 ms. Found 1 Redis repository interface.
2025-08-11T00:44:39.876Z  INFO 28552 --- [printer-manager-spring] [restartedMain] o.s.b.w.embedded.tomcat.TomcatWebServer  : Tomcat initialized with port 4000 (http)
2025-08-11T00:44:39.910Z  INFO 28552 --- [printer-manager-spring] [restartedMain] o.apache.catalina.core.StandardService   : Starting service [Tomcat]
2025-08-11T00:44:39.911Z  INFO 28552 --- [printer-manager-spring] [restartedMain] o.apache.catalina.core.StandardEngine    : Starting Servlet engine: [Apache Tomcat/10.1.42]
2025-08-11T00:44:39.971Z  INFO 28552 --- [printer-manager-spring] [restartedMain] o.a.c.c.C.[Tomcat].[localhost].[/]       : Initializing Spring embedded WebApplicationContext
2025-08-11T00:44:39.972Z  INFO 28552 --- [printer-manager-spring] [restartedMain] w.s.c.ServletWebServerApplicationContext : Root WebApplicationContext: initialization completed in 3376 ms
2025-08-11T00:44:40.262Z  INFO 28552 --- [printer-manager-spring] [restartedMain] o.hibernate.jpa.internal.util.LogHelper  : HHH000204: Processing PersistenceUnitInfo [name: default]
2025-08-11T00:44:40.390Z  INFO 28552 --- [printer-manager-spring] [restartedMain] org.hibernate.Version                    : HHH000412: Hibernate ORM core version 6.6.18.Final
2025-08-11T00:44:40.460Z  INFO 28552 --- [printer-manager-spring] [restartedMain] o.h.c.internal.RegionFactoryInitiator    : HHH000026: Second-level cache disabled
2025-08-11T00:44:40.994Z  INFO 28552 --- [printer-manager-spring] [restartedMain] o.s.o.j.p.SpringPersistenceUnitInfo      : No LoadTimeWeaver setup: ignoring JPA class transformer
2025-08-11T00:44:41.042Z  INFO 28552 --- [printer-manager-spring] [restartedMain] com.zaxxer.hikari.HikariDataSource       : HikariPool-1 - Starting...
2025-08-11T00:44:41.728Z  INFO 28552 --- [printer-manager-spring] [restartedMain] com.zaxxer.hikari.pool.HikariPool        : HikariPool-1 - Added connection com.mysql.cj.jdbc.ConnectionImpl@7843d11a
2025-08-11T00:44:41.733Z  INFO 28552 --- [printer-manager-spring] [restartedMain] com.zaxxer.hikari.HikariDataSource       : HikariPool-1 - Start completed.
2025-08-11T00:44:41.882Z  WARN 28552 --- [printer-manager-spring] [restartedMain] org.hibernate.orm.deprecation            : HHH90000025: MySQLDialect does not need to be specified explicitly using 'hibernate.dialect' (remove the property setting and it will be selected by default)
2025-08-11T00:44:41.945Z  INFO 28552 --- [printer-manager-spring] [restartedMain] org.hibernate.orm.connections.pooling    : HHH10001005: Database info:
	Database JDBC URL [Connecting through datasource 'HikariDataSource (HikariPool-1)']
	Database driver: undefined/unknown
	Database version: 9.4
	Autocommit mode: undefined/unknown
	Isolation level: undefined/unknown
	Minimum pool size: undefined/unknown
	Maximum pool size: undefined/unknown
2025-08-11T00:44:43.474Z  INFO 28552 --- [printer-manager-spring] [restartedMain] o.h.e.t.j.p.i.JtaPlatformInitiator       : HHH000489: No JTA platform available (set 'hibernate.transaction.jta.platform' to enable JTA platform integration)
2025-08-11T00:44:43.693Z  INFO 28552 --- [printer-manager-spring] [restartedMain] j.LocalContainerEntityManagerFactoryBean : Initialized JPA EntityManagerFactory for persistence unit 'default'
2025-08-11T00:44:44.451Z  INFO 28552 --- [printer-manager-spring] [restartedMain] o.s.b.d.a.OptionalLiveReloadServer       : LiveReload server is running on port 35729
2025-08-11T00:44:47.957Z  WARN 28552 --- [printer-manager-spring] [restartedMain] JpaBaseConfiguration$JpaWebConfiguration : spring.jpa.open-in-view is enabled by default. Therefore, database queries may be performed during view rendering. Explicitly configure spring.jpa.open-in-view to disable this warning
2025-08-11T00:44:48.242Z  WARN 28552 --- [printer-manager-spring] [restartedMain] .s.s.UserDetailsServiceAutoConfiguration : 

Using generated security password: 0086f5c0-9ad7-4bac-855a-aec07d620f4c

This generated password is for development use only. Your security configuration must be updated before running your application in production.

2025-08-11T00:44:48.254Z  INFO 28552 --- [printer-manager-spring] [restartedMain] r$InitializeUserDetailsManagerConfigurer : Global AuthenticationManager configured with UserDetailsService bean with name inMemoryUserDetailsManager
2025-08-11T00:44:48.398Z DEBUG 28552 --- [printer-manager-spring] [restartedMain] o.s.s.web.DefaultSecurityFilterChain     : Will secure any request with filters: DisableEncodeUrlFilter, WebAsyncManagerIntegrationFilter, SecurityContextHolderFilter, HeaderWriterFilter, LogoutFilter, RequestCacheAwareFilter, SecurityContextHolderAwareRequestFilter, AnonymousAuthenticationFilter, ExceptionTranslationFilter
2025-08-11T00:44:48.933Z  INFO 28552 --- [printer-manager-spring] [restartedMain] o.s.b.w.embedded.tomcat.TomcatWebServer  : Tomcat started on port 4000 (http) with context path '/'
2025-08-11T00:44:48.945Z  INFO 28552 --- [printer-manager-spring] [restartedMain] c.t.p.PrinterManagerSpringApplication    : Started PrinterManagerSpringApplication in 13.104 seconds (process running for 14.538)
2025-08-11T00:44:55.914Z  INFO 28552 --- [printer-manager-spring] [http-nio-4000-exec-1] o.a.c.c.C.[Tomcat].[localhost].[/]       : Initializing Spring DispatcherServlet 'dispatcherServlet'
2025-08-11T00:44:55.917Z  INFO 28552 --- [printer-manager-spring] [http-nio-4000-exec-1] o.s.web.servlet.DispatcherServlet        : Initializing Servlet 'dispatcherServlet'
2025-08-11T00:44:55.924Z  INFO 28552 --- [printer-manager-spring] [http-nio-4000-exec-1] o.s.web.servlet.DispatcherServlet        : Completed initialization in 6 ms
2025-08-11T00:44:55.977Z DEBUG 28552 --- [printer-manager-spring] [http-nio-4000-exec-1] o.s.security.web.FilterChainProxy        : Securing GET /user/profile
2025-08-11T00:44:55.999Z DEBUG 28552 --- [printer-manager-spring] [http-nio-4000-exec-1] o.s.security.web.FilterChainProxy        : Secured GET /user/profile
2025-08-11T00:44:57.219Z  WARN 28552 --- [printer-manager-spring] [http-nio-4000-exec-1] .m.m.a.ExceptionHandlerExceptionResolver : Resolved [[Mon Aug 11 00:44:57 UTC 2025] Xác thực thất bại: JWT expired at 2025-08-10T12:02:28Z. Current time: 2025-08-11T00:44:57Z, a difference of 45749118 milliseconds.  Allowed clock skew: 0 milliseconds.]
2025-08-11T00:44:57.223Z DEBUG 28552 --- [printer-manager-spring] [http-nio-4000-exec-1] o.s.s.w.a.AnonymousAuthenticationFilter  : Set SecurityContextHolder to anonymous SecurityContext
2025-08-11T00:45:02.485Z DEBUG 28552 --- [printer-manager-spring] [http-nio-4000-exec-3] o.s.security.web.FilterChainProxy        : Securing POST /auth/login
2025-08-11T00:45:02.486Z DEBUG 28552 --- [printer-manager-spring] [http-nio-4000-exec-3] o.s.security.web.FilterChainProxy        : Secured POST /auth/login
2025-08-11T00:45:03.878Z DEBUG 28552 --- [printer-manager-spring] [http-nio-4000-exec-3] o.s.s.w.a.AnonymousAuthenticationFilter  : Set SecurityContextHolder to anonymous SecurityContext
2025-08-11T00:45:19.996Z DEBUG 28552 --- [printer-manager-spring] [http-nio-4000-exec-4] o.s.security.web.FilterChainProxy        : Securing POST /auth/login
2025-08-11T00:45:19.997Z DEBUG 28552 --- [printer-manager-spring] [http-nio-4000-exec-4] o.s.security.web.FilterChainProxy        : Secured POST /auth/login
2025-08-11T00:45:20.766Z DEBUG 28552 --- [printer-manager-spring] [http-nio-4000-exec-4] o.s.s.w.a.AnonymousAuthenticationFilter  : Set SecurityContextHolder to anonymous SecurityContext
2025-08-11T00:45:24.008Z DEBUG 28552 --- [printer-manager-spring] [http-nio-4000-exec-5] o.s.security.web.FilterChainProxy        : Securing GET /user/profile
2025-08-11T00:45:24.008Z DEBUG 28552 --- [printer-manager-spring] [http-nio-4000-exec-5] o.s.security.web.FilterChainProxy        : Secured GET /user/profile
2025-08-11T00:45:24.094Z DEBUG 28552 --- [printer-manager-spring] [http-nio-4000-exec-5] o.s.s.w.a.AnonymousAuthenticationFilter  : Set SecurityContextHolder to anonymous SecurityContext
2025-08-11T01:15:58.193Z DEBUG 28552 --- [printer-manager-spring] [http-nio-4000-exec-7] o.s.security.web.FilterChainProxy        : Securing OPTIONS /auth/login
2025-08-11T01:15:58.198Z DEBUG 28552 --- [printer-manager-spring] [http-nio-4000-exec-7] o.s.security.web.FilterChainProxy        : Secured OPTIONS /auth/login
2025-08-11T01:15:58.225Z DEBUG 28552 --- [printer-manager-spring] [http-nio-4000-exec-7] o.s.s.w.a.AnonymousAuthenticationFilter  : Set SecurityContextHolder to anonymous SecurityContext
2025-08-11T01:15:58.241Z DEBUG 28552 --- [printer-manager-spring] [http-nio-4000-exec-8] o.s.security.web.FilterChainProxy        : Securing POST /auth/login
2025-08-11T01:15:58.241Z DEBUG 28552 --- [printer-manager-spring] [http-nio-4000-exec-8] o.s.security.web.FilterChainProxy        : Secured POST /auth/login
2025-08-11T01:15:59.511Z DEBUG 28552 --- [printer-manager-spring] [http-nio-4000-exec-8] o.s.s.w.a.AnonymousAuthenticationFilter  : Set SecurityContextHolder to anonymous SecurityContext
2025-08-11T01:17:35.131Z DEBUG 28552 --- [printer-manager-spring] [http-nio-4000-exec-10] o.s.security.web.FilterChainProxy        : Securing POST /auth/login
2025-08-11T01:17:35.132Z DEBUG 28552 --- [printer-manager-spring] [http-nio-4000-exec-10] o.s.security.web.FilterChainProxy        : Secured POST /auth/login
2025-08-11T01:17:35.259Z  WARN 28552 --- [printer-manager-spring] [http-nio-4000-exec-10] .m.m.a.ExceptionHandlerExceptionResolver : Resolved [[Mon Aug 11 01:17:35 UTC 2025] Xác thực thất bại: ]
2025-08-11T01:17:35.260Z DEBUG 28552 --- [printer-manager-spring] [http-nio-4000-exec-10] o.s.s.w.a.AnonymousAuthenticationFilter  : Set SecurityContextHolder to anonymous SecurityContext
2025-08-11T01:17:37.190Z DEBUG 28552 --- [printer-manager-spring] [http-nio-4000-exec-2] o.s.security.web.FilterChainProxy        : Securing POST /auth/login
2025-08-11T01:17:37.193Z DEBUG 28552 --- [printer-manager-spring] [http-nio-4000-exec-2] o.s.security.web.FilterChainProxy        : Secured POST /auth/login
2025-08-11T01:17:37.277Z  WARN 28552 --- [printer-manager-spring] [http-nio-4000-exec-2] .m.m.a.ExceptionHandlerExceptionResolver : Resolved [[Mon Aug 11 01:17:37 UTC 2025] Xác thực thất bại: ]
2025-08-11T01:17:37.278Z DEBUG 28552 --- [printer-manager-spring] [http-nio-4000-exec-2] o.s.s.w.a.AnonymousAuthenticationFilter  : Set SecurityContextHolder to anonymous SecurityContext
2025-08-11T01:17:42.762Z DEBUG 28552 --- [printer-manager-spring] [http-nio-4000-exec-1] o.s.security.web.FilterChainProxy        : Securing POST /auth/login
2025-08-11T01:17:42.763Z DEBUG 28552 --- [printer-manager-spring] [http-nio-4000-exec-1] o.s.security.web.FilterChainProxy        : Secured POST /auth/login
2025-08-11T01:17:42.842Z  WARN 28552 --- [printer-manager-spring] [http-nio-4000-exec-1] .m.m.a.ExceptionHandlerExceptionResolver : Resolved [[Mon Aug 11 01:17:42 UTC 2025] Xác thực thất bại: ]
2025-08-11T01:17:42.843Z DEBUG 28552 --- [printer-manager-spring] [http-nio-4000-exec-1] o.s.s.w.a.AnonymousAuthenticationFilter  : Set SecurityContextHolder to anonymous SecurityContext
2025-08-11T01:17:47.774Z DEBUG 28552 --- [printer-manager-spring] [http-nio-4000-exec-3] o.s.security.web.FilterChainProxy        : Securing POST /auth/login
2025-08-11T01:17:47.775Z DEBUG 28552 --- [printer-manager-spring] [http-nio-4000-exec-3] o.s.security.web.FilterChainProxy        : Secured POST /auth/login
2025-08-11T01:17:50.714Z DEBUG 28552 --- [printer-manager-spring] [http-nio-4000-exec-3] o.s.s.w.a.AnonymousAuthenticationFilter  : Set SecurityContextHolder to anonymous SecurityContext
2025-08-11T01:20:21.586Z DEBUG 28552 --- [printer-manager-spring] [http-nio-4000-exec-5] o.s.security.web.FilterChainProxy        : Securing POST /auth/login
2025-08-11T01:20:21.589Z DEBUG 28552 --- [printer-manager-spring] [http-nio-4000-exec-5] o.s.security.web.FilterChainProxy        : Secured POST /auth/login
2025-08-11T01:20:22.539Z DEBUG 28552 --- [printer-manager-spring] [http-nio-4000-exec-5] o.s.s.w.a.AnonymousAuthenticationFilter  : Set SecurityContextHolder to anonymous SecurityContext
2025-08-11T01:21:21.910Z DEBUG 28552 --- [printer-manager-spring] [http-nio-4000-exec-7] o.s.security.web.FilterChainProxy        : Securing POST /auth/login
2025-08-11T01:21:21.911Z DEBUG 28552 --- [printer-manager-spring] [http-nio-4000-exec-7] o.s.security.web.FilterChainProxy        : Secured POST /auth/login
2025-08-11T01:21:22.692Z DEBUG 28552 --- [printer-manager-spring] [http-nio-4000-exec-7] o.s.s.w.a.AnonymousAuthenticationFilter  : Set SecurityContextHolder to anonymous SecurityContext
2025-08-11T01:22:42.991Z DEBUG 28552 --- [printer-manager-spring] [http-nio-4000-exec-9] o.s.security.web.FilterChainProxy        : Securing POST /auth/login
2025-08-11T01:22:42.993Z DEBUG 28552 --- [printer-manager-spring] [http-nio-4000-exec-9] o.s.security.web.FilterChainProxy        : Secured POST /auth/login
2025-08-11T01:22:43.518Z DEBUG 28552 --- [printer-manager-spring] [http-nio-4000-exec-9] o.s.s.w.a.AnonymousAuthenticationFilter  : Set SecurityContextHolder to anonymous SecurityContext
2025-08-11T01:25:14.833Z DEBUG 28552 --- [printer-manager-spring] [http-nio-4000-exec-2] o.s.security.web.FilterChainProxy        : Securing POST /auth/login
2025-08-11T01:25:14.834Z DEBUG 28552 --- [printer-manager-spring] [http-nio-4000-exec-2] o.s.security.web.FilterChainProxy        : Secured POST /auth/login
2025-08-11T01:25:15.538Z DEBUG 28552 --- [printer-manager-spring] [http-nio-4000-exec-2] o.s.s.w.a.AnonymousAuthenticationFilter  : Set SecurityContextHolder to anonymous SecurityContext
2025-08-11T01:25:49.477Z DEBUG 28552 --- [printer-manager-spring] [http-nio-4000-exec-3] o.s.security.web.FilterChainProxy        : Securing POST /auth/login
2025-08-11T01:25:49.478Z DEBUG 28552 --- [printer-manager-spring] [http-nio-4000-exec-3] o.s.security.web.FilterChainProxy        : Secured POST /auth/login
2025-08-11T01:25:50.932Z DEBUG 28552 --- [printer-manager-spring] [http-nio-4000-exec-3] o.s.s.w.a.AnonymousAuthenticationFilter  : Set SecurityContextHolder to anonymous SecurityContext
2025-08-11T01:26:28.365Z DEBUG 28552 --- [printer-manager-spring] [http-nio-4000-exec-5] o.s.security.web.FilterChainProxy        : Securing POST /auth/login
2025-08-11T01:26:28.365Z DEBUG 28552 --- [printer-manager-spring] [http-nio-4000-exec-5] o.s.security.web.FilterChainProxy        : Secured POST /auth/login
2025-08-11T01:26:28.621Z DEBUG 28552 --- [printer-manager-spring] [http-nio-4000-exec-5] o.s.s.w.a.AnonymousAuthenticationFilter  : Set SecurityContextHolder to anonymous SecurityContext
